<?xml version="1.0" encoding="UTF-8"?>
<!-- Generated by org.testng.reporters.JUnitReportReporter -->
<testsuite hostname="DESKTOP-DJQ94NE" name="com.OrangeHRMTestCases.LoginPageTest" tests="1" failures="0" timestamp="20 Nov 2022 03:13:34 GMT" time="42.353" errors="0">
  <testcase name="loginMultiDataTest" time="42.353" classname="com.OrangeHRMTestCases.LoginPageTest"/>
</testsuite> <!-- com.OrangeHRMTestCases.LoginPageTest -->
